./BASHFX_TESTSH_PLAN.md
./CHANGELOG.md
./CONTINUE.md
./CONTRIBUTING.md
./.docs/archive/eggs/badge.tina.api-validation-excellence.txt
./.docs/archive/eggs/egg.1.api-modernization-comprehensive-assessment.txt
./.docs/archive/eggs/egg.1.rsb-framework-comprehensive-analysis.txt
./.docs/archive/eggs/egg.1.rsb-sanity-test-progress.txt
./.docs/archive/eggs/egg.1.rsb-test-cleanup-strategy.txt
./.docs/archive/eggs/egg.1.test-migration-strategy.txt
./.docs/archive/eggs/egg.1.uat-sanity-test-organization-analysis.txt
./.docs/archive/eggs/egg.2.rsb-faq-quick-reference.txt
./.docs/archive/eggs/egg.2.rsb-old-tests-migration-analysis.txt
./.docs/archive/eggs/egg.2.test-orchestrator-updates.txt
./.docs/archive/eggs/egg.3.rsb-feature-gaps-and-opportunities.txt
./.docs/archive/eggs/egg.3.strategic-modernization-guidance.txt
./.docs/archive/eggs/egg.4.rsb-project-state-comprehensive-analysis.txt
./.docs/archive/eggs/egg.5.rsb-com-module-cleanup-analysis.txt
./.docs/archive/eggs/egg.9.final-progress-achievement.txt
./.docs/archive/eggs/egg.strategic-rsb-modernization.txt
./.docs/archive/eggs/feed.china.premium.txt
./.docs/archive/eggs/feed.tina.premium.txt
./.docs/archive/eggs/golden_egg.documentation_cleanup_plan.txt
./.docs/archive/eggs/red_egg.1.date-math-test-validation.txt
./.docs/archive/eggs/red_egg.1.rsb-test-modernization-validation.txt
./.docs/archive/eggs/red_egg.1.test-validation-comprehensive.txt
./.docs/archive/eggs/red_egg.1.visual-regression.txt
./.docs/archive/eggs/red_egg.2.api-triage.txt
./.docs/archive/eggs/red_egg.2.api-validation-brutal-truth.txt
./.docs/archive/eggs/red_egg.2.epic4-completion-validation.txt
./.docs/archive/eggs/red_egg.2.old_tests_comprehensive_validation.txt
./.docs/archive/eggs/red_egg.2.ticket-020-dev-module-pty-validation.txt
./.docs/archive/eggs/red_egg.3.api-modernization-validation.txt
./.docs/archive/eggs/red_egg.3.features_global_removal_validation.txt
./.docs/archive/eggs/red_egg.4.api-modernization-completion-validation.txt
./.docs/archive/eggs/red_egg.5.api-modernization-brutal-reality-check.txt
./.docs/archive/eggs/red_egg.6.gx-sanity-test-validation.txt
./.docs/archive/eggs/red_egg.7.api-truth-red-laser-validation.txt
./.docs/archive/eggs/red_egg.test_reorg_validation.txt
./.docs/archive/sessions/04-cleanup/ARCHITECTURE_REFRESH.md
./.docs/archive/sessions/04-cleanup/BACKUP_2025-09-15_SESSION.md
./.docs/archive/sessions/04-cleanup/math_module_transformation.md
./.docs/archive/sessions/04-cleanup/old.SESSION.md
./.docs/archive/sessions/04-cleanup/SESSION_02_token_migration_and_cli_fixes.md
./.docs/archive/sessions/04-cleanup/SESSION_03_prelude_dispatch_context.md
./.docs/archive/sessions/04-cleanup/SESSION_04_math_module_comprehensive_transformation.md
./.docs/archive/sessions/04-cleanup/SESSION_05_progress_integration_and_deps.md
./docs/lics/LICENSE_COMMERCIAL.txt
./docs/lics/LICENSE_COMMUNITY.txt
./docs/lics/LICENSE_OVERVIEW.txt
./docs/tech/development/AST_CONSIDERATIONS.md
./docs/tech/development/FEATURES_GATING_PLAN.md
./docs/tech/development/HOWTO_TEST.md
./docs/tech/development/HOWTO_UPDATE_RSB.md
./docs/tech/development/MODULE_SPEC.md
./docs/tech/development/PRELUDE_POLICY.md
./docs/tech/development/TEST_ORGANIZATION.md
./docs/tech/features/FEATURES_BASH.md
./docs/tech/features/FEATURES_CLI.md
./docs/tech/features/FEATURES_COLORS.md
./docs/tech/features/FEATURES_DATE.md
./docs/tech/features/FEATURES_DEV.md
./docs/tech/features/FEATURES_FS.md
./docs/tech/features/FEATURES_GENERATORS.md
./docs/tech/features/FEATURES_GLOBAL.md
./docs/tech/features/FEATURES_HOST.md
./docs/tech/features/FEATURES_MATH.md
./docs/tech/features/FEATURES_OPTIONS.md
./docs/tech/features/FEATURES_PARAMS.md
./docs/tech/features/FEATURES_PARSE.md
./docs/tech/features/FEATURES_PROGRESS.md
./docs/tech/features/FEATURES_PROMPTS.md
./docs/tech/features/FEATURES_STRINGS.md
./docs/tech/features/FEATURES_TESTING.md
./docs/tech/features/FEATURES_THREADS.md
./docs/tech/features/FEATURES_TOKENS.md
./docs/tech/features/FEATURES_TRUTH.md
./docs/tech/features/FEATURES_VISUALS.md
./docs/tech/features/plans/PLAN_BASH.md
./docs/tech/features/plans/PLAN_CLI.md
./docs/tech/features/plans/PLAN_COLORS.md
./docs/tech/features/plans/PLAN_DATE.md
./docs/tech/features/plans/PLAN_GLOBAL.md
./docs/tech/features/plans/PLAN_HOST.md
./docs/tech/features/plans/PLAN_MATH.md
./docs/tech/features/plans/PLAN_OPTIONS.md
./docs/tech/features/plans/PLAN_OPTIONS_STDOPTS.md
./docs/tech/features/plans/PLAN_PARAMS.md
./docs/tech/features/plans/PLAN_PROMPTS.md
./docs/tech/features/plans/PLAN_STRINGS.md
./docs/tech/features/plans/PLAN_THREADS.md
./docs/tech/features/plans/PLAN_TOKENS.md
./docs/tech/INDEX.md
./docs/tech/reference/BASHFX-v3.md
./docs/tech/reference/REBEL.md
./docs/tech/reference/RSB_ARCH.md
./docs/tech/reference/RSB_BASHFX_ALIGN.md
./docs/tech/reference/RSB_QUICK_REFERENCE.md
./docs/tech/reference/RSB_TEST_RUNNER.md
./docs/tech/reference/RSB_TESTSH_INTEGRATION.md
./docs/tech/reference/RSB_V2.md
./foo_test_probe.txt
./HOWTO.md
./META_PROCESS.txt
./README.md
./REFRESH_CONTEXT.md
./.session/CONTINUE_SESSION10.md
./.session/FINAL_ACHIEVEMENT_REPORT.md
./.session/PROJECT_STATUS_SUMMARY.md
./.session/SESSION_10_epic4_completion.md
./.session/SESSION_11_NOTES.md
./.session/SESSION_12_CONTINUATION.md
./.session/TEST_TASKS.txt
./.session/TEST_TASKS_VALIDATION_SUMMARY.txt
./src/gx/data/dict/animals.txt
./src/gx/data/dict/colors.txt
./src/gx/data/dict/filenames.txt
./src/gx/data/dict/fruits.txt
./src/gx/data/dict/us_states.txt
./src/_todo/README.md
./TODO.txt
